[2019-09-09 08:53:36][INFO][:5149 CLoraGWServerDlg::GetProfileConfig]Read config OK
[2019-09-09 08:55:48][ERROR][:4426 CLoraGWServerDlg::OnBnClickedStart]No gateway searched!
[2019-09-09 08:55:50][INFO][:3890 ProcessDataThread]Recv: 2019-09-09 08:55:50:229, B827EBFFFE9ED289, {"stat":{"time":"2019-09-09 08:55:47 GMT","rxnb":0,"rxok":0,"rxfw":0,"ackr":0.0,"dwnb":0,"txnb":0,"rfrx":0,"rftx":0}}
[2019-09-09 08:55:50][ERROR][:1096 GWJSONParse]JSON has no rxtk
[2019-09-09 08:55:55][INFO][:2502 TCPCSCommThread]Accept client IP:[127.0.0.1]

[2019-09-09 08:55:55][INFO][:2317 AppWorkThread]4B46415050000003: AppWorker start!
[2019-09-09 08:55:56][INFO][:819 DownGWJSONCreate]600C004000001309090837382F01000016
[2019-09-09 08:55:56][INFO][:1545 LoraAckBackNodes]{"txpk":{"powe":20,"imme":true,"prea":8,"codr":"4/5","datr":"SF7BW125","freq":0.0,"modu":"LORA","rfch":0,"size":17,"data":"YAwAQAAAEwkJCDc4LwEAABY="}}
[2019-09-09 08:55:56][INFO][:1570 LoraAckBackNodes]B827EBFFFE9ED2892019-09-09 08:55:56:487-- Send data to node : 00000
[2019-09-09 08:56:02][INFO][:819 DownGWJSONCreate]600C004000001309090838022F02000020
[2019-09-09 08:56:02][INFO][:1545 LoraAckBackNodes]{"txpk":{"powe":20,"imme":true,"prea":8,"codr":"4/5","datr":"SF7BW125","freq":0.0,"modu":"LORA","rfch":0,"size":17,"data":"YAwAQAAAEwkJCDgCLwIAACA="}}
[2019-09-09 08:56:02][INFO][:1570 LoraAckBackNodes]B827EBFFFE9ED2892019-09-09 08:56:02:489-- Send data to node : 00000
[2019-09-09 08:56:07][INFO][:3890 ProcessDataThread]Recv: 2019-09-09 08:56:07:468, B827EBFFFE20BF8F, {"stat":{"time":"2019-09-09 07:42:32 GMT","rxnb":0,"rxok":0,"rxfw":0,"ackr":0.0,"dwnb":0,"txnb":0,"rfrx":0,"rftx":0}}
[2019-09-09 08:56:07][ERROR][:1096 GWJSONParse]JSON has no rxtk
[2019-09-09 08:56:07][INFO][:3980 ProcessDataThread]gw Freq: 480.200
[2019-09-09 08:56:07][INFO][:3982 ProcessDataThread]172.28.119.90
[2019-09-09 08:56:08][INFO][:819 DownGWJSONCreate]600C004000001309090838082F0300406B
[2019-09-09 08:56:08][INFO][:1545 LoraAckBackNodes]{"txpk":{"powe":20,"imme":true,"prea":8,"codr":"4/5","datr":"SF7BW125","freq":479.90000000000006,"modu":"LORA","rfch":0,"size":17,"data":"YAwAQAAAEwkJCDgILwMAQGs="}}
[2019-09-09 08:56:08][INFO][:1570 LoraAckBackNodes]B827EBFFFE20BF8F2019-09-09 08:56:08:490-- Send data to node : 00000
[2019-09-09 08:56:08][INFO][:819 DownGWJSONCreate]600C004000001309090838082F0300406B
[2019-09-09 08:56:08][INFO][:1545 LoraAckBackNodes]{"txpk":{"powe":20,"imme":true,"prea":8,"codr":"4/5","datr":"SF7BW125","freq":0.0,"modu":"LORA","rfch":0,"size":17,"data":"YAwAQAAAEwkJCDgILwMAQGs="}}
[2019-09-09 08:56:08][INFO][:1570 LoraAckBackNodes]B827EBFFFE9ED2892019-09-09 08:56:08:490-- Send data to node : 00000
[2019-09-09 08:56:08][INFO][:3890 ProcessDataThread]Recv: 2019-09-09 08:56:08:782, B827EBFFFEA7F8DE, {"stat":{"time":"2019-09-09 08:56:11 GMT","rxnb":0,"rxok":0,"rxfw":0,"ackr":0.0,"dwnb":0,"txnb":0,"rfrx":0,"rftx":0}}
[2019-09-09 08:56:08][ERROR][:1096 GWJSONParse]JSON has no rxtk
[2019-09-09 08:56:08][INFO][:3980 ProcessDataThread]gw Freq: 478.600
[2019-09-09 08:56:08][INFO][:3982 ProcessDataThread]172.28.133.126
[2019-09-09 08:56:09][INFO][:3890 ProcessDataThread]Recv: 2019-09-09 08:56:09:649, B827EBFFFE20BF8F, {"rxpk":[{"tmst":2035884219,"time":"2019-09-09 07:42:35.93","chan":4,"rfch":0,"freq":479.900000,"stat":1,"modu":"LORA","datr":"SF7BW125","codr":"4/5","lsnr":7.8,"rssi":-46,"size":34,"data":"AA0dAAEAVDQAFwAAAeuMzresAAAAAQABAQAAAEQBCQX7Zg=="}]}
[2019-09-09 08:56:09][INFO][:2980 DeduplicateDataByCnt]2019-09-09 08:56:09:649,B827EBFFFE20BF8F,00285,4B46415050000003,1, join, 54340017000001EB8CCEB7AC0000000100010100000044010905FB
[2019-09-09 08:56:09][INFO][:3683 ProcessRxMapData]0300285: allocated the random_index 1, period_index 79, under gw:B827EBFFFE20BF8F by 1
[2019-09-09 08:56:09][INFO][:3760 ProcessRxMapData]0300285 -- data uplink to CS
[2019-09-09 08:56:09][INFO][:3890 ProcessDataThread]Recv: 2019-09-09 08:56:09:755, B827EBFFFE20BF8F, {"rxpk":[{"tmst":2035984747,"time":"2019-09-09 07:42:35.200","chan":4,"rfch":0,"freq":479.900000,"stat":1,"modu":"LORA","datr":"SF7BW125","codr":"4/5","lsnr":7.8,"rssi":-38,"size":34,"data":"AJy+AAEAVDQAFwAAAewEFSXdAAAAAQABAQAAAEQBCQVMVA=="}]}
[2019-09-09 08:56:09][INFO][:2980 DeduplicateDataByCnt]2019-09-09 08:56:09:755,B827EBFFFE20BF8F,09406,4B46415050000003,1, join, 54340017000001EC041525DD00000001000101000000440109054C
[2019-09-09 08:56:09][INFO][:3683 ProcessRxMapData]0309406: allocated the random_index 2, period_index 81, under gw:B827EBFFFE20BF8F by 2
[2019-09-09 08:56:09][INFO][:3760 ProcessRxMapData]0309406 -- data uplink to CS
[2019-09-09 08:56:09][INFO][:3890 ProcessDataThread]Recv: 2019-09-09 08:56:09:887, B827EBFFFE20BF8F, {"rxpk":[{"tmst":2036115595,"time":"2019-09-09 07:42:35.332","chan":4,"rfch":0,"freq":479.900000,"stat":1,"modu":"LORA","datr":"SF7BW125","codr":"4/5","lsnr":7.5,"rssi":-51,"size":34,"data":"AH9nAAEAVDQAFwAAAewEFRbGAAAAAQABAQAAAEQBCQVkbg=="}]}
[2019-09-09 08:56:09][INFO][:2980 DeduplicateDataByCnt]2019-09-09 08:56:09:887,B827EBFFFE20BF8F,08039,4B46415050000003,1, join, 54340017000001EC041516C6000000010001010000004401090564
[2019-09-09 08:56:09][INFO][:3683 ProcessRxMapData]0308039: allocated the random_index 3, period_index 83, under gw:B827EBFFFE20BF8F by 3
[2019-09-09 08:56:09][INFO][:3760 ProcessRxMapData]0308039 -- data uplink to CS
[2019-09-09 08:56:10][INFO][:3890 ProcessDataThread]Recv: 2019-09-09 08:56:10:119, B827EBFFFE20BF8F, {"rxpk":[{"tmst":2036351603,"time":"2019-09-09 07:42:35.564","chan":4,"rfch":0,"freq":479.900000,"stat":1,"modu":"LORA","datr":"SF7BW125","codr":"4/5","lsnr":8.5,"rssi":-47,"size":34,"data":"AA+UAAEAVDQAFwAAAeuMzrhyAAAAAQABAQAAAEQBCQUq7Q=="}]}
[2019-09-09 08:56:10][INFO][:2980 DeduplicateDataByCnt]2019-09-09 08:56:10:119,B827EBFFFE20BF8F,00916,4B46415050000003,1, join, 54340017000001EB8CCEB87200000001000101000000440109052A
[2019-09-09 08:56:10][INFO][:3683 ProcessRxMapData]0300916: allocated the random_index 4, period_index 85, under gw:B827EBFFFE20BF8F by 4
[2019-09-09 08:56:10][INFO][:3760 ProcessRxMapData]0300916 -- data uplink to CS
[2019-09-09 08:56:10][INFO][:3890 ProcessDataThread]Recv: 2019-09-09 08:56:10:351, B827EBFFFE20BF8F, {"rxpk":[{"tmst":2036582171,"time":"2019-09-09 07:42:35.795","chan":4,"rfch":0,"freq":479.900000,"stat":1,"modu":"LORA","datr":"SF7BW125","codr":"4/5","lsnr":7.0,"rssi":-71,"size":34,"data":"AH75AAEAVDQAFwAAAewEFSTPAAAAAQABAQAAAEQBCQVf8Q=="}]}
[2019-09-09 08:56:10][INFO][:2980 DeduplicateDataByCnt]2019-09-09 08:56:10:351,B827EBFFFE20BF8F,07929,4B46415050000003,1, join, 54340017000001EC041524CF00000001000101000000440109055F
[2019-09-09 08:56:10][INFO][:3683 ProcessRxMapData]0307929: allocated the random_index 5, period_index 87, under gw:B827EBFFFE20BF8F by 5
[2019-09-09 08:56:10][INFO][:3760 ProcessRxMapData]0307929 -- data uplink to CS
[2019-09-09 08:56:10][INFO][:3890 ProcessDataThread]Recv: 2019-09-09 08:56:10:675, B827EBFFFE20BF8F, {"rxpk":[{"tmst":2036911827,"time":"2019-09-09 07:42:36.119","chan":4,"rfch":0,"freq":479.900000,"stat":1,"modu":"LORA","datr":"SF7BW125","codr":"4/5","lsnr":9.2,"rssi":-49,"size":34,"data":"AC1jAAEAVDQAFwAAAewEFRsqAAAAAQABAQAAAEQBCQWFOA=="}]}
[2019-09-09 08:56:10][INFO][:2980 DeduplicateDataByCnt]2019-09-09 08:56:10:675,B827EBFFFE20BF8F,02403,4B46415050000003,1, join, 54340017000001EC04151B2A000000010001010000004401090585
[2019-09-09 08:56:10][INFO][:3683 ProcessRxMapData]0302403: allocated the random_index 6, period_index 89, under gw:B827EBFFFE20BF8F by 6
[2019-09-09 08:56:10][INFO][:3760 ProcessRxMapData]0302403 -- data uplink to CS
[2019-09-09 08:56:10][INFO][:3890 ProcessDataThread]Recv: 2019-09-09 08:56:10:812, B827EBFFFE20BF8F, {"rxpk":[{"tmst":2037048179,"time":"2019-09-09 07:42:36.257","chan":4,"rfch":0,"freq":479.900000,"stat":1,"modu":"LORA","datr":"SF7BW125","codr":"4/5","lsnr":9.0,"rssi":-52,"size":34,"data":"AH/hAAEAVDQAFwAAAewEFRikAAAAAQABAQAAAEQBCQUI6A=="}]}
[2019-09-09 08:56:10][INFO][:2980 DeduplicateDataByCnt]2019-09-09 08:56:10:812,B827EBFFFE20BF8F,08161,4B46415050000003,1, join, 54340017000001EC041518A4000000010001010000004401090508
[2019-09-09 08:56:10][INFO][:3683 ProcessRxMapData]0308161: allocated the random_index 7, period_index 91, under gw:B827EBFFFE20BF8F by 7
[2019-09-09 08:56:10][INFO][:3760 ProcessRxMapData]0308161 -- data uplink to CS
[2019-09-09 08:56:10][INFO][:3890 ProcessDataThread]Recv: 2019-09-09 08:56:10:919, B827EBFFFE20BF8F, {"rxpk":[{"tmst":2037148483,"time":"2019-09-09 07:42:36.364","chan":4,"rfch":0,"freq":479.900000,"stat":-1,"modu":"LORA","datr":"SF7BW125","codr":"4/5","lsnr":-1.5,"rssi":-65,"size":34,"data":"AF4WgEmA2EOyQUwIAGpe14JSUdnMyTXb37I1REIQgZxBog=="}]}
[2019-09-09 08:56:10][INFO][:2980 DeduplicateDataByCnt]2019-09-09 08:56:10:919,B827EBFFFE20BF8F,05654,4B46415050000003,32841, join, D843B2414C08006A5ED7825251D9CCC935DBDFB235444210819C41
[2019-09-09 08:56:10][INFO][:3421 ProcessRxMapData]0305654 -- data uplink to CS, crc not OK
[2019-09-09 08:56:11][INFO][:3890 ProcessDataThread]Recv: 2019-09-09 08:56:11:526, B827EBFFFE20BF8F, {"rxpk":[{"tmst":2037753715,"time":"2019-09-09 07:42:36.970","chan":4,"rfch":0,"freq":479.900000,"stat":1,"modu":"LORA","datr":"SF7BW125","codr":"4/5","lsnr":4.2,"rssi":-74,"size":34,"data":"AI93AAEAVDQAFwAAAewEFRYQAAAAAQABAQAAAEQBCQWyjg=="}]}
[2019-09-09 08:56:11][INFO][:2980 DeduplicateDataByCnt]2019-09-09 08:56:11:526,B827EBFFFE20BF8F,09079,4B46415050000003,1, join, 54340017000001EC041516100000000100010100000044010905B2
[2019-09-09 08:56:11][INFO][:3683 ProcessRxMapData]0309079: allocated the random_index 8, period_index 93, under gw:B827EBFFFE20BF8F by 8
[2019-09-09 08:56:11][INFO][:3760 ProcessRxMapData]0309079 -- data uplink to CS
[2019-09-09 08:56:11][INFO][:3890 ProcessDataThread]Recv: 2019-09-09 08:56:11:736, B827EBFFFE20BF8F, {"rxpk":[{"tmst":2037968899,"time":"2019-09-09 07:42:37.181","chan":4,"rfch":0,"freq":479.900000,"stat":1,"modu":"LORA","datr":"SF7BW125","codr":"4/5","lsnr":2.2,"rssi":-50,"size":34,"data":"AC1sAAEAVDQAFwAAAewEFRtXAAAAAQABAQAAAEQBCQX4Nw=="}]}
[2019-09-09 08:56:11][INFO][:2980 DeduplicateDataByCnt]2019-09-09 08:56:11:736,B827EBFFFE20BF8F,02412,4B46415050000003,1, join, 54340017000001EC04151B570000000100010100000044010905F8
[2019-09-09 08:56:11][INFO][:3683 ProcessRxMapData]0302412: allocated the random_index 9, period_index 95, under gw:B827EBFFFE20BF8F by 9
[2019-09-09 08:56:11][INFO][:3760 ProcessRxMapData]0302412 -- data uplink to CS
[2019-09-09 08:56:11][INFO][:3890 ProcessDataThread]Recv: 2019-09-09 08:56:11:967, B827EBFFFE20BF8F, {"rxpk":[{"tmst":2038197283,"time":"2019-09-09 07:42:37.411","chan":4,"rfch":0,"freq":479.900000,"stat":-1,"modu":"LORA","datr":"SF7BW125","codr":"4/5","lsnr":-0.2,"rssi":-79,"size":34,"data":"AF5YgBmAVGsTRRDaD2cAfcS0YGIEP8cbPkCYxiKNEtbjSA=="}]}
[2019-09-09 08:56:11][INFO][:2980 DeduplicateDataByCnt]2019-09-09 08:56:11:967,B827EBFFFE20BF8F,05720,4B46415050000003,32793, join, 546B134510DA0F67007DC4B46062043FC71B3E4098C6228D12D6E3
[2019-09-09 08:56:11][INFO][:3421 ProcessRxMapData]0305720 -- data uplink to CS, crc not OK
[2019-09-09 08:56:12][INFO][:3890 ProcessDataThread]Recv: 2019-09-09 08:56:12:83, B827EBFFFE20BF8F, {"rxpk":[{"tmst":2038315507,"time":"2019-09-09 07:42:37.527","chan":4,"rfch":0,"freq":479.900000,"stat":-1,"modu":"LORA","datr":"SF7BW125","codr":"4/5","lsnr":-2.0,"rssi":-52,"size":34,"data":"AA+lAAEAVDQAFyAAAeu8/rhjAAoKAQABgQAiAEQBCQU73A=="}]}
[2019-09-09 08:56:12][INFO][:2980 DeduplicateDataByCnt]2019-09-09 08:56:12:83,B827EBFFFE20BF8F,00933,4B46415050000003,1, join, 54340017200001EBBCFEB863000A0A01000181002200440109053B
[2019-09-09 08:56:12][INFO][:3421 ProcessRxMapData]0300933 -- data uplink to CS, crc not OK
[2019-09-09 08:56:12][INFO][:3890 ProcessDataThread]Recv: 2019-09-09 08:56:12:202, B827EBFFFE20BF8F, {"rxpk":[{"tmst":2038437331,"time":"2019-09-09 07:42:37.646","chan":4,"rfch":0,"freq":479.900000,"stat":-1,"modu":"LORA","datr":"SF7BW125","codr":"4/5","lsnr":-2.5,"rssi":-65,"size":34,"data":"CCSUgAUMVjRV14BCJaw9CsnqoASkUVkGgEgFHCFnL4YJ5g=="}]}
[2019-09-09 08:56:12][INFO][:2980 DeduplicateDataByCnt]2019-09-09 08:56:12:202,B827EBFFFE20BF8F,02196,4B46415050000001,3077, join, 563455D7804225AC3D0AC9EAA004A45159068048051C21672F8609
[2019-09-09 08:56:12][WARNING][:3405 ProcessRxMapData]Not included the app_id
[2019-09-09 08:56:12][INFO][:3890 ProcessDataThread]Recv: 2019-09-09 08:56:12:318, B827EBFFFE20BF8F, {"rxpk":[{"tmst":2038547963,"time":"2019-09-09 07:42:37.763","chan":4,"rfch":0,"freq":479.900000,"stat":-1,"modu":"LORA","datr":"SF7BW125","codr":"4/5","lsnr":0.0,"rssi":-82,"size":34,"data":"nnK+0jbIRgydMFe0yQKuWrbkUzdRwzsS2q3ELMRyqzJ9rw=="}]}
[2019-09-09 08:56:12][INFO][:2980 DeduplicateDataByCnt]2019-09-09 08:56:12:318,B827EBFFFE20BF8F,07870,4B46415050000000,51254,index:-1,9D3057B4C902AE5AB6E4533751C33B12DAADC42CC472AB327D
[2019-09-09 08:56:12][WARNING][:3405 ProcessRxMapData]Not included the app_id
[2019-09-09 08:56:12][INFO][:3890 ProcessDataThread]Recv: 2019-09-09 08:56:12:458, B827EBFFFE20BF8F, {"rxpk":[{"tmst":2038683883,"time":"2019-09-09 07:42:37.903","chan":4,"rfch":0,"freq":479.900000,"stat":1,"modu":"LORA","datr":"SF7BW125","codr":"4/5","lsnr":9.5,"rssi":-53,"size":34,"data":"AI1+AAEAVDQAFwAAAewEFReeAAAAAQABAQAAAEQBCQU9hQ=="}]}
[2019-09-09 08:56:12][INFO][:2980 DeduplicateDataByCnt]2019-09-09 08:56:12:458,B827EBFFFE20BF8F,08574,4B46415050000003,1, join, 54340017000001EC0415179E00000001000101000000440109053D
[2019-09-09 08:56:12][INFO][:3683 ProcessRxMapData]0308574: allocated the random_index 10, period_index 97, under gw:B827EBFFFE20BF8F by 10
[2019-09-09 08:56:12][INFO][:3760 ProcessRxMapData]0308574 -- data uplink to CS
[2019-09-09 08:56:12][INFO][:3890 ProcessDataThread]Recv: 2019-09-09 08:56:12:542, B827EBFFFE20BF8F, {"rxpk":[{"tmst":2038778043,"time":"2019-09-09 07:42:37.988","chan":4,"rfch":0,"freq":479.900000,"stat":1,"modu":"LORA","datr":"SF7BW125","codr":"4/5","lsnr":-1.8,"rssi":-69,"size":34,"data":"AH+3AAEAVDQAFwAAAewEFSO0AAAAAQABAQAAAEQBCQUjvg=="}]}
[2019-09-09 08:56:12][INFO][:2980 DeduplicateDataByCnt]2019-09-09 08:56:12:542,B827EBFFFE20BF8F,08119,4B46415050000003,1, join, 54340017000001EC041523B4000000010001010000004401090523
[2019-09-09 08:56:12][INFO][:3683 ProcessRxMapData]0308119: allocated the random_index 11, period_index 99, under gw:B827EBFFFE20BF8F by 11
[2019-09-09 08:56:12][INFO][:3760 ProcessRxMapData]0308119 -- data uplink to CS
[2019-09-09 08:56:12][INFO][:3890 ProcessDataThread]Recv: 2019-09-09 08:56:12:895, B827EBFFFE20BF8F, {"rxpk":[{"tmst":2039129387,"time":"2019-09-09 07:42:38.341","chan":4,"rfch":0,"freq":479.900000,"stat":1,"modu":"LORA","datr":"SF7BW125","codr":"4/5","lsnr":10.0,"rssi":-31,"size":34,"data":"AJwuAAEAVDQAFwAAAewEFRzSAAAAAQABAQAAAEQBCQV6xA=="}]}
[2019-09-09 08:56:12][INFO][:2980 DeduplicateDataByCnt]2019-09-09 08:56:12:895,B827EBFFFE20BF8F,09262,4B46415050000003,1, join, 54340017000001EC04151CD200000001000101000000440109057A
[2019-09-09 08:56:12][INFO][:3683 ProcessRxMapData]0309262: allocated the random_index 12, period_index 101, under gw:B827EBFFFE20BF8F by 12
[2019-09-09 08:56:12][INFO][:3760 ProcessRxMapData]0309262 -- data uplink to CS
[2019-09-09 08:56:13][INFO][:3890 ProcessDataThread]Recv: 2019-09-09 08:56:13:42, B827EBFFFE20BF8F, {"rxpk":[{"tmst":2039273075,"time":"2019-09-09 07:42:38.486","chan":4,"rfch":0,"freq":479.900000,"stat":1,"modu":"LORA","datr":"SF7BW125","codr":"4/5","lsnr":9.2,"rssi":-53,"size":34,"data":"AA90AAEAVDQAFwAAAeuMzrgjAAAAAQABAQAAAEQBCQV7DQ=="}]}
[2019-09-09 08:56:13][INFO][:2980 DeduplicateDataByCnt]2019-09-09 08:56:13:42,B827EBFFFE20BF8F,00884,4B46415050000003,1, join, 54340017000001EB8CCEB82300000001000101000000440109057B
[2019-09-09 08:56:13][INFO][:3683 ProcessRxMapData]0300884: allocated the random_index 13, period_index 103, under gw:B827EBFFFE20BF8F by 13
[2019-09-09 08:56:13][INFO][:3760 ProcessRxMapData]0300884 -- data uplink to CS
[2019-09-09 08:56:13][INFO][:3890 ProcessDataThread]Recv: 2019-09-09 08:56:13:125, B827EBFFFE20BF8F, {"rxpk":[{"tmst":2039362819,"time":"2019-09-09 07:42:38.570","chan":4,"rfch":0,"freq":479.900000,"stat":1,"modu":"LORA","datr":"SF7BW125","codr":"4/5","lsnr":-0.5,"rssi":-55,"size":34,"data":"AA6RAAEAVDQAFwAAAeuMzrfNAAAAAQABAQAAAEQBCQWa6Q=="}]}
[2019-09-09 08:56:13][INFO][:2980 DeduplicateDataByCnt]2019-09-09 08:56:13:125,B827EBFFFE20BF8F,00657,4B46415050000003,1, join, 54340017000001EB8CCEB7CD00000001000101000000440109059A
[2019-09-09 08:56:13][INFO][:3683 ProcessRxMapData]0300657: allocated the random_index 14, period_index 105, under gw:B827EBFFFE20BF8F by 14
[2019-09-09 08:56:13][INFO][:3760 ProcessRxMapData]0300657 -- data uplink to CS
[2019-09-09 08:56:13][INFO][:3890 ProcessDataThread]Recv: 2019-09-09 08:56:13:271, B827EBFFFE20BF8F, {"rxpk":[{"tmst":2039504483,"time":"2019-09-09 07:42:38.716","chan":4,"rfch":0,"freq":479.900000,"stat":1,"modu":"LORA","datr":"SF7BW125","codr":"4/5","lsnr":7.5,"rssi":-47,"size":34,"data":"AFzUAAEAVDQAFwAAAewEFSLwAAAAAQABAQAAAEQBCQVm/g=="}]}
[2019-09-09 08:56:13][INFO][:2980 DeduplicateDataByCnt]2019-09-09 08:56:13:271,B827EBFFFE20BF8F,05332,4B46415050000003,1, join, 54340017000001EC041522F0000000010001010000004401090566
